[INFO ] 2024-10-27 02:20:47.504 [main] Run - Load config/database.xml
[INFO ] 2024-10-27 02:20:47.733 [main] Run - Load config/gateway.xml
[INFO ] 2024-10-27 02:20:47.737 [main] Run - SOFTWARE START #2
[INFO ] 2024-10-27 02:20:48.247 [Thread-6] AMHSChannel - Started OK
[INFO ] 2024-10-27 02:20:48.248 [Thread-7] AFTNChannel - Started OK
[INFO ] 2024-10-27 02:20:48.251 [Thread-6] AMHSProcessor - Connecting to x400mt
[INFO ] 2024-10-27 02:20:48.263 [Thread-6] AMHSProcessor - Connect OK, System's ready
[INFO ] 2024-10-27 02:21:00.301 [Thread-7] AFTNProcessor - Receive AFTN message
--------------------------------------------------------------------
ZCZC SVA0042 270220     
GG VVTSYFYX VVTSMHSA
270220 VVTSYFYX
TEST 00000006





NNNN
[INFO ] 2024-10-27 02:21:00.301 [Thread-7] AFTNProcessor - Connected to x400mt
[INFO ] 2024-10-27 02:21:00.306 [Thread-7] AFTNProcessor - GENERAL message found (270220 VVTSYFYX)
[INFO ] 2024-10-27 02:21:00.387 [Thread-7] AFTNProcessor - Convert VVTSMHSA to /CN=VVTSMHSA/OU=VVTS/O=VVTS/PRMD=VIETNAM/ADMD=ICAO/C=XX/, IHE=YES DIRECT=NO
[INFO ] 2024-10-27 02:21:00.559 [Thread-7] AFTNProcessor - [270220 VVTSYFYX] is converted successfully
[ERROR] 2024-10-27 02:21:00.580 [Thread-7] MTConnection1 - Connection closed (code: 0)
[INFO ] 2024-10-27 02:21:45.682 [Thread-7] AFTNProcessor - Receive AFTN message
--------------------------------------------------------------------
ZCZC SVA0043 270221     
GG VVTSYFYX VVTSMHSA
270221 VVTSYFYX
TEST 00000006





NNNN
[INFO ] 2024-10-27 02:21:45.682 [Thread-7] AFTNProcessor - Connected to x400mt
[INFO ] 2024-10-27 02:21:45.685 [Thread-7] AFTNProcessor - GENERAL message found (270221 VVTSYFYX)
[INFO ] 2024-10-27 02:21:45.741 [Thread-7] AFTNProcessor - Convert VVTSMHSA to /CN=VVTSMHSA/OU=VVTS/O=VVTS/PRMD=VIETNAM/ADMD=ICAO/C=XX/, IHE=YES DIRECT=NO
[INFO ] 2024-10-27 02:21:45.856 [Thread-7] AFTNProcessor - [270221 VVTSYFYX] is converted successfully
[ERROR] 2024-10-27 02:21:45.861 [Thread-7] MTConnection1 - Connection closed (code: 0)
[INFO ] 2024-10-27 02:30:49.764 [Thread-7] AFTNProcessor - Receive AFTN message
--------------------------------------------------------------------
ZCZC SVA0044 270230     
GG VVTSYFYX VVTSMHSA
270230 VVTSYFYX
TEST 00000006





NNNN
[INFO ] 2024-10-27 02:30:49.764 [Thread-7] AFTNProcessor - Connected to x400mt
[INFO ] 2024-10-27 02:30:49.767 [Thread-7] AFTNProcessor - GENERAL message found (270230 VVTSYFYX)
[INFO ] 2024-10-27 02:30:49.818 [Thread-7] AFTNProcessor - Convert VVTSMHSA to /CN=VVTSMHSA/OU=VVTS/O=VVTS/PRMD=VIETNAM/ADMD=ICAO/C=XX/, IHE=YES DIRECT=NO
[INFO ] 2024-10-27 02:30:49.949 [Thread-7] AFTNProcessor - [270230 VVTSYFYX] is converted successfully
[ERROR] 2024-10-27 02:30:49.955 [Thread-7] MTConnection1 - Connection closed (code: 0)
[WARN ] 2024-10-27 02:31:52.972 [Thread-5] Run - PROGRAM END
[INFO ] 2024-10-27 02:31:57.954 [main] Run - Load config/database.xml
[INFO ] 2024-10-27 02:31:58.178 [main] Run - Load config/gateway.xml
[INFO ] 2024-10-27 02:31:58.181 [main] Run - SOFTWARE START #2
[INFO ] 2024-10-27 02:31:58.711 [Thread-6] AMHSChannel - Started OK
[INFO ] 2024-10-27 02:31:58.712 [Thread-7] AFTNChannel - Started OK
[INFO ] 2024-10-27 02:31:58.713 [Thread-6] AMHSProcessor - Connecting to x400mt
[INFO ] 2024-10-27 02:31:58.722 [Thread-6] AMHSProcessor - Connect OK, System's ready
[INFO ] 2024-10-27 02:32:13.769 [Thread-7] AFTNProcessor - Receive AFTN message
--------------------------------------------------------------------
ZCZC SVA0045 270232     
GG VVTSYFYX VVTSMHSA
270232 VVTSYFYX
TEST 00000006





NNNN
[INFO ] 2024-10-27 02:32:13.769 [Thread-7] AFTNProcessor - Connected to x400mt
[INFO ] 2024-10-27 02:32:13.775 [Thread-7] AFTNProcessor - GENERAL message found (270232 VVTSYFYX)
[INFO ] 2024-10-27 02:32:13.853 [Thread-7] AFTNProcessor - Convert VVTSMHSA to /CN=VVTSMHSA/OU=VVTS/O=VVTS/PRMD=VIETNAM/ADMD=ICAO/C=XX/, IHE=YES DIRECT=NO
[INFO ] 2024-10-27 02:32:14.018 [Thread-7] AFTNProcessor - [270232 VVTSYFYX] is converted successfully
[ERROR] 2024-10-27 02:32:14.040 [Thread-7] MTConnection1 - Connection closed (code: 0)
[WARN ] 2024-10-27 02:33:36.591 [Thread-5] Run - PROGRAM END
[INFO ] 2024-10-27 02:33:44.194 [main] Run - Load config/database.xml
[INFO ] 2024-10-27 02:33:44.404 [main] Run - Load config/gateway.xml
[INFO ] 2024-10-27 02:33:44.407 [main] Run - SOFTWARE START #2
[INFO ] 2024-10-27 02:33:44.883 [Thread-6] AMHSChannel - Started OK
[INFO ] 2024-10-27 02:33:44.883 [Thread-7] AFTNChannel - Started OK
[INFO ] 2024-10-27 02:33:44.886 [Thread-6] AMHSProcessor - Connecting to x400mt
[INFO ] 2024-10-27 02:33:44.897 [Thread-6] AMHSProcessor - Connect OK, System's ready
[INFO ] 2024-10-27 02:33:47.914 [Thread-7] AFTNProcessor - Receive AFTN message
--------------------------------------------------------------------
ZCZC SVA0046 270233     
GG VVTSYFYX VVTSMHSA
270233 VVTSYFYX
TEST 00000006





NNNN
[INFO ] 2024-10-27 02:33:47.915 [Thread-7] AFTNProcessor - Connected to x400mt
[INFO ] 2024-10-27 02:33:47.923 [Thread-7] AFTNProcessor - GENERAL message found (270233 VVTSYFYX)
[INFO ] 2024-10-27 02:33:48.003 [Thread-7] AFTNProcessor - Convert VVTSMHSA to /CN=VVTSMHSA/OU=VVTS/O=VVTS/PRMD=VIETNAM/ADMD=ICAO/C=XX/, IHE=YES DIRECT=NO
[INFO ] 2024-10-27 02:33:48.148 [Thread-7] AFTNProcessor - [270233 VVTSYFYX] is converted successfully
[ERROR] 2024-10-27 02:33:48.171 [Thread-7] MTConnection1 - Connection closed (code: 0)
[WARN ] 2024-10-27 02:34:12.070 [Thread-5] Run - PROGRAM END
[INFO ] 2024-10-27 02:34:21.856 [main] Run - Load config/database.xml
[INFO ] 2024-10-27 02:34:22.110 [main] Run - Load config/gateway.xml
[INFO ] 2024-10-27 02:34:22.113 [main] Run - SOFTWARE START #2
[INFO ] 2024-10-27 02:34:22.684 [Thread-6] AMHSChannel - Started OK
[INFO ] 2024-10-27 02:34:22.685 [Thread-7] AFTNChannel - Started OK
[INFO ] 2024-10-27 02:34:22.687 [Thread-6] AMHSProcessor - Connecting to x400mt
[INFO ] 2024-10-27 02:34:22.697 [Thread-6] AMHSProcessor - Connect OK, System's ready
[INFO ] 2024-10-27 02:34:25.725 [Thread-7] AFTNProcessor - Receive AFTN message
--------------------------------------------------------------------
ZCZC SVA0047 270234     
GG VVTSYFYX VVTSMHSA
270234 VVTSYFYX
TEST 00000006





NNNN
[INFO ] 2024-10-27 02:34:25.725 [Thread-7] AFTNProcessor - Connected to x400mt
[INFO ] 2024-10-27 02:34:25.736 [Thread-7] AFTNProcessor - GENERAL message found (270234 VVTSYFYX)
[INFO ] 2024-10-27 02:34:25.831 [Thread-7] AFTNProcessor - Convert VVTSMHSA to /CN=VVTSMHSA/OU=VVTS/O=VVTS/PRMD=VIETNAM/ADMD=ICAO/C=XX/, IHE=YES DIRECT=NO
[INFO ] 2024-10-27 02:35:30.038 [main] Run - Load config/database.xml
[INFO ] 2024-10-27 02:35:30.246 [main] Run - Load config/gateway.xml
[INFO ] 2024-10-27 02:35:30.249 [main] Run - SOFTWARE START #2
[INFO ] 2024-10-27 02:35:30.771 [Thread-7] AFTNChannel - Started OK
[INFO ] 2024-10-27 02:35:30.771 [Thread-6] AMHSChannel - Started OK
[INFO ] 2024-10-27 02:35:30.773 [Thread-6] AMHSProcessor - Connecting to x400mt
[INFO ] 2024-10-27 02:35:30.781 [Thread-6] AMHSProcessor - Connect OK, System's ready
[INFO ] 2024-10-27 02:35:30.791 [Thread-7] AFTNProcessor - Receive AFTN message
--------------------------------------------------------------------
ZCZC SVA0047 270234     
GG VVTSYFYX VVTSMHSA
270234 VVTSYFYX
TEST 00000006





NNNN
[INFO ] 2024-10-27 02:35:30.791 [Thread-7] AFTNProcessor - Connected to x400mt
[INFO ] 2024-10-27 02:35:30.797 [Thread-7] AFTNProcessor - GENERAL message found (270234 VVTSYFYX)
[INFO ] 2024-10-27 02:35:30.873 [Thread-7] AFTNProcessor - Convert VVTSMHSA to /CN=VVTSMHSA/OU=VVTS/O=VVTS/PRMD=VIETNAM/ADMD=ICAO/C=XX/, IHE=YES DIRECT=NO
[INFO ] 2024-10-27 02:35:31.046 [Thread-7] AFTNProcessor - [270234 VVTSYFYX] is converted successfully
[ERROR] 2024-10-27 02:35:31.065 [Thread-7] MTConnection1 - Connection closed (code: 0)
[INFO ] 2024-10-27 02:35:34.085 [Thread-7] AFTNProcessor - Receive AFTN message
--------------------------------------------------------------------
ZCZC SVA0048 270235     
GG VVTSYFYX VVTSMHSA
270235 VVTSYFYX
TEST 00000006





NNNN
[INFO ] 2024-10-27 02:35:34.085 [Thread-7] AFTNProcessor - Connected to x400mt
[INFO ] 2024-10-27 02:35:34.087 [Thread-7] AFTNProcessor - GENERAL message found (270235 VVTSYFYX)
[INFO ] 2024-10-27 02:35:34.144 [Thread-7] AFTNProcessor - Convert VVTSMHSA to /CN=VVTSMHSA/OU=VVTS/O=VVTS/PRMD=VIETNAM/ADMD=ICAO/C=XX/, IHE=YES DIRECT=NO
[INFO ] 2024-10-27 02:35:34.267 [Thread-7] AFTNProcessor - [270235 VVTSYFYX] is converted successfully
[ERROR] 2024-10-27 02:35:34.273 [Thread-7] MTConnection1 - Connection closed (code: 0)
[WARN ] 2024-10-27 02:36:21.767 [Thread-5] Run - PROGRAM END
[INFO ] 2024-10-27 02:36:27.087 [main] Run - Load config/database.xml
[INFO ] 2024-10-27 02:36:27.290 [main] Run - Load config/gateway.xml
[INFO ] 2024-10-27 02:36:27.293 [main] Run - SOFTWARE START #2
[INFO ] 2024-10-27 02:36:27.769 [Thread-7] AFTNChannel - Started OK
[INFO ] 2024-10-27 02:36:27.768 [Thread-6] AMHSChannel - Started OK
[INFO ] 2024-10-27 02:36:27.771 [Thread-6] AMHSProcessor - Connecting to x400mt
[INFO ] 2024-10-27 02:36:27.779 [Thread-6] AMHSProcessor - Connect OK, System's ready
[INFO ] 2024-10-27 02:36:30.799 [Thread-7] AFTNProcessor - Receive AFTN message
--------------------------------------------------------------------
ZCZC SVA0049 270236     
GG VVTSYFYX VVTSMHSA
270236 VVTSYFYX
TEST 00000006





NNNN
[INFO ] 2024-10-27 02:36:30.799 [Thread-7] AFTNProcessor - Connected to x400mt
[INFO ] 2024-10-27 02:36:30.804 [Thread-7] AFTNProcessor - GENERAL message found (270236 VVTSYFYX)
[INFO ] 2024-10-27 02:36:30.886 [Thread-7] AFTNProcessor - Convert VVTSMHSA to /CN=VVTSMHSA/OU=VVTS/O=VVTS/PRMD=VIETNAM/ADMD=ICAO/C=XX/, IHE=YES DIRECT=NO
[INFO ] 2024-10-27 02:36:31.046 [Thread-7] AFTNProcessor - [270236 VVTSYFYX] is converted successfully
[ERROR] 2024-10-27 02:36:31.068 [Thread-7] MTConnection1 - Connection closed (code: 0)
[WARN ] 2024-10-27 02:36:49.422 [Thread-5] Run - PROGRAM END
[INFO ] 2024-10-27 02:36:54.131 [main] Run - Load config/database.xml
[INFO ] 2024-10-27 02:36:54.343 [main] Run - Load config/gateway.xml
[INFO ] 2024-10-27 02:36:54.346 [main] Run - SOFTWARE START #2
[INFO ] 2024-10-27 02:36:54.825 [Thread-7] AFTNChannel - Started OK
[INFO ] 2024-10-27 02:36:54.824 [Thread-6] AMHSChannel - Started OK
[INFO ] 2024-10-27 02:36:54.828 [Thread-6] AMHSProcessor - Connecting to x400mt
[INFO ] 2024-10-27 02:36:54.838 [Thread-6] AMHSProcessor - Connect OK, System's ready
[INFO ] 2024-10-27 02:37:00.861 [Thread-7] AFTNProcessor - Receive AFTN message
--------------------------------------------------------------------
ZCZC SVA0050 270236     
GG VVTSYFYX VVTSMHSA
270236 VVTSYFYX
TEST 00000007





NNNN
[INFO ] 2024-10-27 02:37:00.862 [Thread-7] AFTNProcessor - Connected to x400mt
[INFO ] 2024-10-27 02:37:00.868 [Thread-7] AFTNProcessor - GENERAL message found (270236 VVTSYFYX)
[INFO ] 2024-10-27 02:37:00.948 [Thread-7] AFTNProcessor - Convert VVTSMHSA to /CN=VVTSMHSA/OU=VVTS/O=VVTS/PRMD=VIETNAM/ADMD=ICAO/C=XX/, IHE=YES DIRECT=NO
[INFO ] 2024-10-27 02:37:01.125 [Thread-7] AFTNProcessor - [270236 VVTSYFYX] is converted successfully
[ERROR] 2024-10-27 02:37:01.145 [Thread-7] MTConnection1 - Connection closed (code: 0)
[WARN ] 2024-10-27 02:37:39.865 [Thread-5] Run - PROGRAM END
[INFO ] 2024-10-27 02:37:44.858 [main] Run - Load config/database.xml
[INFO ] 2024-10-27 02:37:45.076 [main] Run - Load config/gateway.xml
[INFO ] 2024-10-27 02:37:45.080 [main] Run - SOFTWARE START #2
[INFO ] 2024-10-27 02:37:45.583 [Thread-6] AMHSChannel - Started OK
[INFO ] 2024-10-27 02:37:45.584 [Thread-7] AFTNChannel - Started OK
[INFO ] 2024-10-27 02:37:45.586 [Thread-6] AMHSProcessor - Connecting to x400mt
[INFO ] 2024-10-27 02:37:45.594 [Thread-6] AMHSProcessor - Connect OK, System's ready
[INFO ] 2024-10-27 02:37:54.628 [Thread-7] AFTNProcessor - Receive AFTN message
--------------------------------------------------------------------
ZCZC SVA0051 270237     
GG VVTSYFYX VVTSMHSA
270237 VVTSYFYX
TEST 00000008





NNNN
[INFO ] 2024-10-27 02:37:54.628 [Thread-7] AFTNProcessor - Connected to x400mt
[INFO ] 2024-10-27 02:37:54.633 [Thread-7] AFTNProcessor - GENERAL message found (270237 VVTSYFYX)
[INFO ] 2024-10-27 02:37:54.713 [Thread-7] AFTNProcessor - Convert VVTSMHSA to /CN=VVTSMHSA/OU=VVTS/O=VVTS/PRMD=VIETNAM/ADMD=ICAO/C=XX/, IHE=YES DIRECT=NO
[INFO ] 2024-10-27 02:37:54.872 [Thread-7] AFTNProcessor - [270237 VVTSYFYX] is converted successfully
[ERROR] 2024-10-27 02:37:54.893 [Thread-7] MTConnection1 - Connection closed (code: 0)
[INFO ] 2024-10-27 02:38:52.022 [Thread-7] AFTNProcessor - Receive AFTN message
--------------------------------------------------------------------
ZCZC SVA0052 270238     
GG VVTSYFYX VVTSMHSA
270238 VVTSYFYX OHI
TEST 00000009





NNNN
[INFO ] 2024-10-27 02:38:52.022 [Thread-7] AFTNProcessor - Connected to x400mt
[INFO ] 2024-10-27 02:38:52.024 [Thread-7] AFTNProcessor - GENERAL message found (270238 VVTSYFYX)
[INFO ] 2024-10-27 02:38:52.078 [Thread-7] AFTNProcessor - Convert VVTSMHSA to /CN=VVTSMHSA/OU=VVTS/O=VVTS/PRMD=VIETNAM/ADMD=ICAO/C=XX/, IHE=YES DIRECT=NO
[INFO ] 2024-10-27 02:38:52.156 [Thread-7] AFTNProcessor - [270238 VVTSYFYX] is converted successfully
[ERROR] 2024-10-27 02:38:52.161 [Thread-7] MTConnection1 - Connection closed (code: 0)
[INFO ] 2024-10-27 02:39:22.229 [Thread-7] AFTNProcessor - Receive AFTN message
--------------------------------------------------------------------
ZCZC SVA0053 270239     
GG VVTSYFYX VVTSMHSA
270239 VVTSYFYX
TEST 000000010





NNNN
[INFO ] 2024-10-27 02:39:22.229 [Thread-7] AFTNProcessor - Connected to x400mt
[INFO ] 2024-10-27 02:39:22.231 [Thread-7] AFTNProcessor - GENERAL message found (270239 VVTSYFYX)
[INFO ] 2024-10-27 02:39:22.288 [Thread-7] AFTNProcessor - Convert VVTSMHSA to /CN=VVTSMHSA/OU=VVTS/O=VVTS/PRMD=VIETNAM/ADMD=ICAO/C=XX/, IHE=YES DIRECT=NO
[INFO ] 2024-10-27 02:39:22.381 [Thread-7] AFTNProcessor - [270239 VVTSYFYX] is converted successfully
[ERROR] 2024-10-27 02:39:22.386 [Thread-7] MTConnection1 - Connection closed (code: 0)
[WARN ] 2024-10-27 02:40:17.041 [Thread-5] Run - PROGRAM END
[INFO ] 2024-10-27 02:40:21.559 [main] Run - Load config/database.xml
[INFO ] 2024-10-27 02:40:21.778 [main] Run - Load config/gateway.xml
[INFO ] 2024-10-27 02:40:21.782 [main] Run - SOFTWARE START #2
[INFO ] 2024-10-27 02:40:22.332 [Thread-6] AMHSChannel - Started OK
[INFO ] 2024-10-27 02:40:22.332 [Thread-7] AFTNChannel - Started OK
[INFO ] 2024-10-27 02:40:22.335 [Thread-6] AMHSProcessor - Connecting to x400mt
[INFO ] 2024-10-27 02:40:22.347 [Thread-6] AMHSProcessor - Connect OK, System's ready
[INFO ] 2024-10-27 02:40:25.361 [Thread-7] AFTNProcessor - Receive AFTN message
--------------------------------------------------------------------
ZCZC SVA0055 270240     
GG VVTSYFYX VVTSMHSA
270240 VVTSYFYX
TEST 000000010





NNNN
[INFO ] 2024-10-27 02:40:25.361 [Thread-7] AFTNProcessor - Connected to x400mt
[INFO ] 2024-10-27 02:40:25.367 [Thread-7] AFTNProcessor - GENERAL message found (270240 VVTSYFYX)
[INFO ] 2024-10-27 02:40:25.449 [Thread-7] AFTNProcessor - Convert VVTSMHSA to /CN=VVTSMHSA/OU=VVTS/O=VVTS/PRMD=VIETNAM/ADMD=ICAO/C=XX/, IHE=YES DIRECT=NO
[INFO ] 2024-10-27 02:40:25.628 [Thread-7] AFTNProcessor - [270240 VVTSYFYX] is converted successfully
[ERROR] 2024-10-27 02:40:25.647 [Thread-7] MTConnection1 - Connection closed (code: 0)
[WARN ] 2024-10-27 03:03:43.823 [Thread-5] Run - PROGRAM END
[INFO ] 2024-10-27 03:04:03.949 [main] Run - Load config/database.xml
[INFO ] 2024-10-27 03:04:04.180 [main] Run - Load config/gateway.xml
[INFO ] 2024-10-27 03:04:04.183 [main] Run - SOFTWARE START #2
[INFO ] 2024-10-27 03:04:04.678 [Thread-6] AMHSChannel - Started OK
[INFO ] 2024-10-27 03:04:04.679 [Thread-7] AFTNChannel - Started OK
[INFO ] 2024-10-27 03:04:04.680 [Thread-6] AMHSProcessor - Connecting to x400mt
[INFO ] 2024-10-27 03:04:04.689 [Thread-6] AMHSProcessor - Connect OK, System's ready
[INFO ] 2024-10-27 03:04:13.727 [Thread-7] AFTNProcessor - Receive AFTN message
--------------------------------------------------------------------
ZCZC SVA0057 270304     
GG VVTSYFYX VVTSMHSA
270304 VVTSYFYX
TEST 000000010





NNNN
[INFO ] 2024-10-27 03:04:13.727 [Thread-7] AFTNProcessor - Connected to x400mt
[INFO ] 2024-10-27 03:04:13.736 [Thread-7] AFTNProcessor - GENERAL message found (270304 VVTSYFYX)
[INFO ] 2024-10-27 03:04:13.813 [Thread-7] AFTNProcessor - Convert VVTSMHSA to /CN=VVTSMHSA/OU=VVTS/O=VVTS/PRMD=VIETNAM/ADMD=ICAO/C=XX/, IHE=YES DIRECT=NO
[INFO ] 2024-10-27 03:04:13.991 [Thread-7] AFTNProcessor - [270304 VVTSYFYX] is converted successfully
[ERROR] 2024-10-27 03:04:14.013 [Thread-7] MTConnection1 - Connection closed (code: 0)
[WARN ] 2024-10-27 03:04:38.970 [Thread-5] Run - PROGRAM END
[INFO ] 2024-10-27 03:04:55.908 [main] Run - Load config/database.xml
[INFO ] 2024-10-27 03:04:56.132 [main] Run - Load config/gateway.xml
[INFO ] 2024-10-27 03:04:56.135 [main] Run - SOFTWARE START #2
[INFO ] 2024-10-27 03:04:56.645 [Thread-7] AFTNChannel - Started OK
[INFO ] 2024-10-27 03:04:56.644 [Thread-6] AMHSChannel - Started OK
[INFO ] 2024-10-27 03:04:56.648 [Thread-6] AMHSProcessor - Connecting to x400mt
[INFO ] 2024-10-27 03:04:56.657 [Thread-6] AMHSProcessor - Connect OK, System's ready
[INFO ] 2024-10-27 03:05:05.690 [Thread-7] AFTNProcessor - Receive AFTN message
--------------------------------------------------------------------
ZCZC SVA0058 270305     
GG VVTSYFYX VVTSMHSA
270305 VVTSYFYX
TEST 000000011





NNNN
[INFO ] 2024-10-27 03:05:05.690 [Thread-7] AFTNProcessor - Connected to x400mt
[INFO ] 2024-10-27 03:05:05.696 [Thread-7] AFTNProcessor - GENERAL message found (270305 VVTSYFYX)
[INFO ] 2024-10-27 03:05:05.772 [Thread-7] AFTNProcessor - Convert VVTSMHSA to /CN=VVTSMHSA/OU=VVTS/O=VVTS/PRMD=VIETNAM/ADMD=ICAO/C=XX/, IHE=YES DIRECT=NO
[INFO ] 2024-10-27 03:05:05.938 [Thread-7] AFTNProcessor - [270305 VVTSYFYX] is converted successfully
[ERROR] 2024-10-27 03:05:05.961 [Thread-7] MTConnection1 - Connection closed (code: 0)
[WARN ] 2024-10-27 03:07:00.747 [Thread-5] Run - PROGRAM END
[INFO ] 2024-10-27 03:07:11.663 [main] Run - Load config/database.xml
[INFO ] 2024-10-27 03:07:11.872 [main] Run - Load config/gateway.xml
[INFO ] 2024-10-27 03:07:11.876 [main] Run - SOFTWARE START #2
[INFO ] 2024-10-27 03:07:12.352 [Thread-6] AMHSChannel - Started OK
[INFO ] 2024-10-27 03:07:12.352 [Thread-7] AFTNChannel - Started OK
[INFO ] 2024-10-27 03:07:12.354 [Thread-6] AMHSProcessor - Connecting to x400mt
[INFO ] 2024-10-27 03:07:12.362 [Thread-6] AMHSProcessor - Connect OK, System's ready
[INFO ] 2024-10-27 03:07:21.396 [Thread-7] AFTNProcessor - Receive AFTN message
--------------------------------------------------------------------
ZCZC SVA0059 270307     
GG VVTSYFYX VVTSMHSA
270307 VVTSYFYX
TEST 000000012





NNNN
[INFO ] 2024-10-27 03:07:21.396 [Thread-7] AFTNProcessor - Connected to x400mt
[INFO ] 2024-10-27 03:07:21.405 [Thread-7] AFTNProcessor - GENERAL message found (270307 VVTSYFYX)
[INFO ] 2024-10-27 03:07:21.482 [Thread-7] AFTNProcessor - Convert VVTSMHSA to /CN=VVTSMHSA/OU=VVTS/O=VVTS/PRMD=VIETNAM/ADMD=ICAO/C=XX/, IHE=YES DIRECT=NO
[INFO ] 2024-10-27 03:07:21.647 [Thread-7] AFTNProcessor - [270307 VVTSYFYX] is converted successfully
[ERROR] 2024-10-27 03:07:21.671 [Thread-7] MTConnection1 - Connection closed (code: 0)
